2021-02-19T11:09:11+00:00 CRITICAL Allowed memory size of 67108864 bytes exhausted (tried to allocate 4096 bytes) in /srv/disk1/2969090/www/avweb.eu/wp-includes/rest-api/class-wp-rest-server.php on line 915

2021-02-19T11:09:46+00:00 CRITICAL require_once(): Failed opening required '/srv/disk1/2969090/www/avweb.eu/wp-content/plugins/futurio-extra/lib/demo/demos.php' (include_path='.:/usr/local/php-7.4.15/share/pear') in /srv/disk1/2969090/www/avweb.eu/wp-content/plugins/futurio-extra/lib/demo/futurio-demos.php on line 154

2021-02-19T11:09:46+00:00 CRITICAL require(): Failed opening required '/srv/disk1/2969090/www/avweb.eu/wp-content/plugins/elementor//includes/settings/settings-page.php' (include_path='.:/usr/local/php-7.4.15/share/pear') in /srv/disk1/2969090/www/avweb.eu/wp-content/plugins/elementor/includes/autoloader.php on line 294

2021-02-19T11:09:46+00:00 CRITICAL require(): Failed opening required '/srv/disk1/2969090/www/avweb.eu/wp-content/plugins/elementor/core/settings/manager.php' (include_path='.:/usr/local/php-7.4.15/share/pear') in /srv/disk1/2969090/www/avweb.eu/wp-content/plugins/elementor/includes/autoloader.php on line 294

2021-02-19T11:09:46+00:00 CRITICAL require(): Failed opening required '/srv/disk1/2969090/www/avweb.eu/wp-content/plugins/elementor/core/settings/manager.php' (include_path='.:/usr/local/php-7.4.15/share/pear') in /srv/disk1/2969090/www/avweb.eu/wp-content/plugins/elementor/includes/autoloader.php on line 294

2021-02-19T11:09:48+00:00 CRITICAL Allowed memory size of 67108864 bytes exhausted (tried to allocate 4096 bytes) in /srv/disk1/2969090/www/avweb.eu/wp-includes/functions.php on line 4459

2021-02-19T11:12:56+00:00 CRITICAL Allowed memory size of 67108864 bytes exhausted (tried to allocate 28672 bytes) in /srv/disk1/2969090/www/avweb.eu/wp-admin/includes/post.php on line 594

2021-02-19T11:13:18+00:00 CRITICAL Allowed memory size of 67108864 bytes exhausted (tried to allocate 28672 bytes) in /srv/disk1/2969090/www/avweb.eu/wp-admin/includes/post.php on line 359

2021-02-19T11:16:14+00:00 CRITICAL require(): Failed opening required '/srv/disk1/2969090/www/avweb.eu/wp-content/plugins/woocommerce/packages/woocommerce-admin/src/Loader.php' (include_path='.:/usr/local/php-7.4.15/share/pear') in /srv/disk1/2969090/www/avweb.eu/wp-content/plugins/woocommerce/vendor/jetpack-autoloader/class-php-autoloader.php on line 87

2021-02-19T11:16:14+00:00 CRITICAL require_once(): Failed opening required '/srv/disk1/2969090/www/avweb.eu/wp-content/plugins/futurio-extra/options/woocommerce.php' (include_path='.:/usr/local/php-7.4.15/share/pear') in /srv/disk1/2969090/www/avweb.eu/wp-content/plugins/futurio-extra/futurio-extra.php on line 182

2021-02-19T11:16:14+00:00 CRITICAL require(): Failed opening required '/srv/disk1/2969090/www/avweb.eu/wp-content/plugins/woocommerce/packages/woocommerce-admin/src/Features/MobileAppBanner.php' (include_path='.:/usr/local/php-7.4.15/share/pear') in /srv/disk1/2969090/www/avweb.eu/wp-content/plugins/woocommerce/vendor/jetpack-autoloader/class-php-autoloader.php on line 87

2021-02-19T11:16:14+00:00 CRITICAL require(): Failed opening required '/srv/disk1/2969090/www/avweb.eu/wp-content/plugins/elementor//includes/settings/settings.php' (include_path='.:/usr/local/php-7.4.15/share/pear') in /srv/disk1/2969090/www/avweb.eu/wp-content/plugins/elementor/includes/autoloader.php on line 294

2021-02-19T20:39:14+00:00 CRITICAL require(): Failed opening required '/srv/disk1/2969090/www/avweb.eu/wp-content/plugins/elementor//includes/base/controls-stack.php' (include_path='.:/usr/local/php-7.4.15/share/pear') in /srv/disk1/2969090/www/avweb.eu/wp-content/plugins/elementor/includes/autoloader.php on line 294

2021-02-19T20:39:15+00:00 CRITICAL require(): Failed opening required '/srv/disk1/2969090/www/avweb.eu/wp-content/plugins/woocommerce/includes/rest-api/Controllers/Version3/class-wc-rest-product-tags-controller.php' (include_path='.:/usr/local/php-7.4.15/share/pear') in /srv/disk1/2969090/www/avweb.eu/wp-content/plugins/woocommerce/vendor/jetpack-autoloader/class-php-autoloader.php on line 87

2021-02-19T20:53:16+00:00 CRITICAL Allowed memory size of 67108864 bytes exhausted (tried to allocate 49152 bytes) in /srv/disk1/2969090/www/avweb.eu/wp-includes/functions.php on line 624

2021-02-19T20:53:16+00:00 CRITICAL Allowed memory size of 67108864 bytes exhausted (tried to allocate 4096 bytes) in /srv/disk1/2969090/www/avweb.eu/wp-includes/rest-api/class-wp-rest-server.php on line 915

2021-02-19T20:54:35+00:00 CRITICAL Allowed memory size of 67108864 bytes exhausted (tried to allocate 45056 bytes) in /srv/disk1/2969090/www/avweb.eu/wp-content/plugins/woocommerce/vendor/jetpack-autoloader/class-php-autoloader.php on line 87

2021-02-19T20:54:36+00:00 CRITICAL Allowed memory size of 67108864 bytes exhausted (tried to allocate 45056 bytes) in /srv/disk1/2969090/www/avweb.eu/wp-content/plugins/woocommerce/vendor/jetpack-autoloader/class-php-autoloader.php on line 87

2021-02-19T20:54:40+00:00 CRITICAL Allowed memory size of 67108864 bytes exhausted (tried to allocate 45056 bytes) in /srv/disk1/2969090/www/avweb.eu/wp-content/plugins/woocommerce/vendor/jetpack-autoloader/class-php-autoloader.php on line 87

2021-02-19T20:54:40+00:00 CRITICAL Allowed memory size of 67108864 bytes exhausted (tried to allocate 32768 bytes) in /srv/disk1/2969090/www/avweb.eu/wp-content/plugins/woocommerce/includes/rest-api/Controllers/Version2/class-wc-rest-system-status-v2-controller.php on line 931

2021-02-19T20:54:40+00:00 CRITICAL Allowed memory size of 67108864 bytes exhausted (tried to allocate 45056 bytes) in /srv/disk1/2969090/www/avweb.eu/wp-content/plugins/woocommerce/vendor/jetpack-autoloader/class-php-autoloader.php on line 87

2021-02-19T20:54:40+00:00 CRITICAL Allowed memory size of 67108864 bytes exhausted (tried to allocate 32768 bytes) in /srv/disk1/2969090/www/avweb.eu/wp-content/plugins/woocommerce/includes/rest-api/Controllers/Version2/class-wc-rest-system-status-v2-controller.php on line 931

2021-02-19T20:55:21+00:00 CRITICAL Allowed memory size of 67108864 bytes exhausted (tried to allocate 32768 bytes) in /srv/disk1/2969090/www/avweb.eu/wp-content/plugins/woocommerce/includes/rest-api/Controllers/Version2/class-wc-rest-system-status-v2-controller.php on line 1

2021-02-19T20:55:30+00:00 CRITICAL Allowed memory size of 67108864 bytes exhausted (tried to allocate 45056 bytes) in /srv/disk1/2969090/www/avweb.eu/wp-content/plugins/woocommerce/vendor/jetpack-autoloader/class-php-autoloader.php on line 87

2021-02-19T20:55:30+00:00 CRITICAL Allowed memory size of 67108864 bytes exhausted (tried to allocate 32768 bytes) in /srv/disk1/2969090/www/avweb.eu/wp-content/plugins/woocommerce/includes/rest-api/Controllers/Version2/class-wc-rest-system-status-v2-controller.php on line 931

2021-02-19T20:55:30+00:00 CRITICAL Allowed memory size of 67108864 bytes exhausted (tried to allocate 32768 bytes) in /srv/disk1/2969090/www/avweb.eu/wp-content/plugins/woocommerce/includes/rest-api/Controllers/Version2/class-wc-rest-system-status-v2-controller.php on line 469

2021-02-19T20:55:30+00:00 CRITICAL Allowed memory size of 67108864 bytes exhausted (tried to allocate 45056 bytes) in /srv/disk1/2969090/www/avweb.eu/wp-content/plugins/woocommerce/vendor/jetpack-autoloader/class-php-autoloader.php on line 87

2021-02-19T20:55:30+00:00 CRITICAL Allowed memory size of 67108864 bytes exhausted (tried to allocate 32768 bytes) in /srv/disk1/2969090/www/avweb.eu/wp-content/plugins/woocommerce/includes/rest-api/Controllers/Version2/class-wc-rest-system-status-v2-controller.php on line 469

2021-02-19T20:55:30+00:00 CRITICAL Allowed memory size of 67108864 bytes exhausted (tried to allocate 32768 bytes) in /srv/disk1/2969090/www/avweb.eu/wp-content/plugins/woocommerce/includes/rest-api/Controllers/Version2/class-wc-rest-system-status-v2-controller.php on line 469

2021-02-19T21:05:27+00:00 CRITICAL Allowed memory size of 67108864 bytes exhausted (tried to allocate 32768 bytes) in /srv/disk1/2969090/www/avweb.eu/wp-content/plugins/woocommerce/includes/rest-api/Controllers/Version2/class-wc-rest-system-status-v2-controller.php on line 931

2021-02-19T21:05:49+00:00 CRITICAL Allowed memory size of 67108864 bytes exhausted (tried to allocate 45056 bytes) in /srv/disk1/2969090/www/avweb.eu/wp-content/plugins/woocommerce/vendor/jetpack-autoloader/class-php-autoloader.php on line 87

2021-02-19T21:05:49+00:00 CRITICAL Allowed memory size of 67108864 bytes exhausted (tried to allocate 45056 bytes) in /srv/disk1/2969090/www/avweb.eu/wp-content/plugins/woocommerce/vendor/jetpack-autoloader/class-php-autoloader.php on line 87

2021-02-19T21:05:51+00:00 CRITICAL Allowed memory size of 67108864 bytes exhausted (tried to allocate 45056 bytes) in /srv/disk1/2969090/www/avweb.eu/wp-content/plugins/woocommerce/vendor/jetpack-autoloader/class-php-autoloader.php on line 87

2021-02-19T21:05:51+00:00 CRITICAL Allowed memory size of 67108864 bytes exhausted (tried to allocate 45056 bytes) in /srv/disk1/2969090/www/avweb.eu/wp-content/plugins/woocommerce/vendor/jetpack-autoloader/class-php-autoloader.php on line 87

2021-02-19T21:06:30+00:00 CRITICAL Allowed memory size of 67108864 bytes exhausted (tried to allocate 32768 bytes) in /srv/disk1/2969090/www/avweb.eu/wp-content/plugins/woocommerce/includes/rest-api/Controllers/Version2/class-wc-rest-system-status-v2-controller.php on line 1

2021-02-19T21:06:52+00:00 CRITICAL Allowed memory size of 67108864 bytes exhausted (tried to allocate 45056 bytes) in /srv/disk1/2969090/www/avweb.eu/wp-content/plugins/woocommerce/vendor/jetpack-autoloader/class-php-autoloader.php on line 87

2021-02-19T21:06:54+00:00 CRITICAL Allowed memory size of 67108864 bytes exhausted (tried to allocate 45056 bytes) in /srv/disk1/2969090/www/avweb.eu/wp-content/plugins/woocommerce/vendor/jetpack-autoloader/class-php-autoloader.php on line 87

2021-02-19T21:07:09+00:00 CRITICAL Uncaught Error: Class 'WPGMZA\GlobalSettings' not found in /srv/disk1/2969090/www/avweb.eu/wp-content/plugins/wp-google-maps/includes/class.plugin.php:102
Stack trace:
#0 [internal function]: WPGMZA\Plugin->__construct()
#1 /srv/disk1/2969090/www/avweb.eu/wp-content/plugins/wp-google-maps/includes/class.factory.php(57): ReflectionClass->newInstanceArgs(Array)
#2 /srv/disk1/2969090/www/avweb.eu/wp-content/plugins/wp-google-maps/includes/class.plugin.php(957): WPGMZA\Factory::createInstance()
#3 /srv/disk1/2969090/www/avweb.eu/wp-content/plugins/wp-google-maps/includes/class.plugin.php(964): WPGMZA\create()
#4 /srv/disk1/2969090/www/avweb.eu/wp-content/plugins/wp-google-maps/includes/class.plugin.php(998): WPGMZA\wpgmza_create_plugin()
#5 /srv/disk1/2969090/www/avweb.eu/wp-includes/class-wp-hook.php(287): WPGMZA\{closure}('')
#6 /srv/disk1/2969090/www/avweb.eu/wp-includes/class-wp-hook.php(311): WP_Hook->apply_filters(NULL, Array)
#7 /srv/disk1/2969090/www/avweb.eu/wp-includes/plugin.php(484): WP_Hook->do_actio in /srv/disk1/2969090/www/avweb.eu/wp-content/plugins/wp-google-maps/includes/class.plugin.php on line 102

2021-02-19T21:07:12+00:00 CRITICAL Allowed memory size of 67108864 bytes exhausted (tried to allocate 45056 bytes) in /srv/disk1/2969090/www/avweb.eu/wp-content/plugins/woocommerce/vendor/jetpack-autoloader/class-php-autoloader.php on line 87

2021-02-19T21:07:12+00:00 CRITICAL Allowed memory size of 67108864 bytes exhausted (tried to allocate 32768 bytes) in /srv/disk1/2969090/www/avweb.eu/wp-content/plugins/woocommerce/includes/rest-api/Controllers/Version2/class-wc-rest-system-status-v2-controller.php on line 469

2021-02-19T21:08:28+00:00 CRITICAL Allowed memory size of 67108864 bytes exhausted (tried to allocate 45056 bytes) in /srv/disk1/2969090/www/avweb.eu/wp-content/plugins/woocommerce/vendor/jetpack-autoloader/class-php-autoloader.php on line 87

2021-02-19T21:08:29+00:00 CRITICAL Allowed memory size of 67108864 bytes exhausted (tried to allocate 45056 bytes) in /srv/disk1/2969090/www/avweb.eu/wp-content/plugins/woocommerce/vendor/jetpack-autoloader/class-php-autoloader.php on line 87

2021-02-19T21:08:34+00:00 CRITICAL Allowed memory size of 67108864 bytes exhausted (tried to allocate 32768 bytes) in /srv/disk1/2969090/www/avweb.eu/wp-content/plugins/woocommerce/includes/rest-api/Controllers/Version2/class-wc-rest-system-status-v2-controller.php on line 469

2021-02-19T21:09:18+00:00 CRITICAL Allowed memory size of 67108864 bytes exhausted (tried to allocate 45056 bytes) in /srv/disk1/2969090/www/avweb.eu/wp-content/plugins/woocommerce/vendor/jetpack-autoloader/class-php-autoloader.php on line 87

2021-02-19T21:09:18+00:00 CRITICAL Allowed memory size of 67108864 bytes exhausted (tried to allocate 45056 bytes) in /srv/disk1/2969090/www/avweb.eu/wp-content/plugins/woocommerce/vendor/jetpack-autoloader/class-php-autoloader.php on line 87

2021-02-19T21:09:19+00:00 CRITICAL Allowed memory size of 67108864 bytes exhausted (tried to allocate 32768 bytes) in /srv/disk1/2969090/www/avweb.eu/wp-content/plugins/woocommerce/includes/rest-api/Controllers/Version2/class-wc-rest-system-status-v2-controller.php on line 469

2021-02-19T21:09:58+00:00 CRITICAL Allowed memory size of 67108864 bytes exhausted (tried to allocate 45056 bytes) in /srv/disk1/2969090/www/avweb.eu/wp-content/plugins/woocommerce/vendor/jetpack-autoloader/class-php-autoloader.php on line 87

2021-02-19T21:09:58+00:00 CRITICAL Allowed memory size of 67108864 bytes exhausted (tried to allocate 32768 bytes) in /srv/disk1/2969090/www/avweb.eu/wp-content/plugins/woocommerce/includes/rest-api/Controllers/Version2/class-wc-rest-system-status-v2-controller.php on line 931

2021-02-19T21:13:02+00:00 CRITICAL Allowed memory size of 67108864 bytes exhausted (tried to allocate 45056 bytes) in /srv/disk1/2969090/www/avweb.eu/wp-content/plugins/woocommerce/vendor/jetpack-autoloader/class-php-autoloader.php on line 87

2021-02-19T21:13:02+00:00 CRITICAL Allowed memory size of 67108864 bytes exhausted (tried to allocate 45056 bytes) in /srv/disk1/2969090/www/avweb.eu/wp-content/plugins/woocommerce/vendor/jetpack-autoloader/class-php-autoloader.php on line 87

2021-02-19T21:13:04+00:00 CRITICAL Allowed memory size of 67108864 bytes exhausted (tried to allocate 32768 bytes) in /srv/disk1/2969090/www/avweb.eu/wp-content/plugins/woocommerce/includes/rest-api/Controllers/Version2/class-wc-rest-system-status-v2-controller.php on line 469

2021-02-19T21:14:10+00:00 CRITICAL Allowed memory size of 67108864 bytes exhausted (tried to allocate 45056 bytes) in /srv/disk1/2969090/www/avweb.eu/wp-content/plugins/woocommerce/vendor/jetpack-autoloader/class-php-autoloader.php on line 87

2021-02-19T21:14:11+00:00 CRITICAL Allowed memory size of 67108864 bytes exhausted (tried to allocate 45056 bytes) in /srv/disk1/2969090/www/avweb.eu/wp-content/plugins/woocommerce/vendor/jetpack-autoloader/class-php-autoloader.php on line 87

2021-02-19T21:14:11+00:00 CRITICAL Allowed memory size of 67108864 bytes exhausted (tried to allocate 32768 bytes) in /srv/disk1/2969090/www/avweb.eu/wp-content/plugins/woocommerce/includes/rest-api/Controllers/Version2/class-wc-rest-system-status-v2-controller.php on line 469

2021-02-19T21:15:04+00:00 CRITICAL Allowed memory size of 67108864 bytes exhausted (tried to allocate 45056 bytes) in /srv/disk1/2969090/www/avweb.eu/wp-content/plugins/woocommerce/vendor/jetpack-autoloader/class-php-autoloader.php on line 87

2021-02-19T21:15:05+00:00 CRITICAL Allowed memory size of 67108864 bytes exhausted (tried to allocate 45056 bytes) in /srv/disk1/2969090/www/avweb.eu/wp-content/plugins/woocommerce/vendor/jetpack-autoloader/class-php-autoloader.php on line 87

2021-02-19T21:15:05+00:00 CRITICAL Allowed memory size of 67108864 bytes exhausted (tried to allocate 32768 bytes) in /srv/disk1/2969090/www/avweb.eu/wp-content/plugins/woocommerce/includes/rest-api/Controllers/Version2/class-wc-rest-system-status-v2-controller.php on line 469

2021-02-19T21:16:24+00:00 CRITICAL Allowed memory size of 67108864 bytes exhausted (tried to allocate 45056 bytes) in /srv/disk1/2969090/www/avweb.eu/wp-content/plugins/woocommerce/vendor/jetpack-autoloader/class-php-autoloader.php on line 87

2021-02-19T21:16:24+00:00 CRITICAL Allowed memory size of 67108864 bytes exhausted (tried to allocate 45056 bytes) in /srv/disk1/2969090/www/avweb.eu/wp-content/plugins/woocommerce/vendor/jetpack-autoloader/class-php-autoloader.php on line 87

2021-02-19T21:16:25+00:00 CRITICAL Allowed memory size of 67108864 bytes exhausted (tried to allocate 32768 bytes) in /srv/disk1/2969090/www/avweb.eu/wp-content/plugins/woocommerce/includes/rest-api/Controllers/Version2/class-wc-rest-system-status-v2-controller.php on line 469

2021-02-19T21:17:02+00:00 CRITICAL Allowed memory size of 67108864 bytes exhausted (tried to allocate 32768 bytes) in /srv/disk1/2969090/www/avweb.eu/wp-content/plugins/woocommerce/includes/rest-api/Controllers/Version2/class-wc-rest-system-status-v2-controller.php on line 469

2021-02-19T21:18:28+00:00 CRITICAL Allowed memory size of 67108864 bytes exhausted (tried to allocate 32768 bytes) in /srv/disk1/2969090/www/avweb.eu/wp-content/plugins/woocommerce/includes/rest-api/Controllers/Version2/class-wc-rest-system-status-v2-controller.php on line 469

2021-02-19T21:18:28+00:00 CRITICAL Allowed memory size of 67108864 bytes exhausted (tried to allocate 32768 bytes) in /srv/disk1/2969090/www/avweb.eu/wp-content/plugins/woocommerce/includes/rest-api/Controllers/Version2/class-wc-rest-system-status-v2-controller.php on line 469

2021-02-19T21:22:30+00:00 CRITICAL Allowed memory size of 67108864 bytes exhausted (tried to allocate 45056 bytes) in /srv/disk1/2969090/www/avweb.eu/wp-content/plugins/woocommerce/vendor/jetpack-autoloader/class-php-autoloader.php on line 87

2021-02-19T21:22:30+00:00 CRITICAL Allowed memory size of 67108864 bytes exhausted (tried to allocate 45056 bytes) in /srv/disk1/2969090/www/avweb.eu/wp-content/plugins/woocommerce/vendor/jetpack-autoloader/class-php-autoloader.php on line 87

2021-02-19T21:22:30+00:00 CRITICAL Allowed memory size of 67108864 bytes exhausted (tried to allocate 45056 bytes) in /srv/disk1/2969090/www/avweb.eu/wp-content/plugins/woocommerce/vendor/jetpack-autoloader/class-php-autoloader.php on line 87

2021-02-19T21:24:16+00:00 CRITICAL Allowed memory size of 67108864 bytes exhausted (tried to allocate 45056 bytes) in /srv/disk1/2969090/www/avweb.eu/wp-content/plugins/woocommerce/vendor/jetpack-autoloader/class-php-autoloader.php on line 87

2021-02-19T21:24:16+00:00 CRITICAL Allowed memory size of 67108864 bytes exhausted (tried to allocate 45056 bytes) in /srv/disk1/2969090/www/avweb.eu/wp-content/plugins/woocommerce/vendor/jetpack-autoloader/class-php-autoloader.php on line 87

2021-02-19T21:24:16+00:00 CRITICAL Allowed memory size of 67108864 bytes exhausted (tried to allocate 45056 bytes) in /srv/disk1/2969090/www/avweb.eu/wp-content/plugins/woocommerce/vendor/jetpack-autoloader/class-php-autoloader.php on line 87

2021-02-19T21:26:27+00:00 CRITICAL require_once(): Failed opening required '/srv/disk1/2969090/www/avweb.eu/wp-content/plugins/futurio-extra/options/woocommerce.php' (include_path='.:/usr/local/php-7.4.15/share/pear') in /srv/disk1/2969090/www/avweb.eu/wp-content/plugins/futurio-extra/futurio-extra.php on line 182

2021-02-19T21:26:27+00:00 CRITICAL require_once(): Failed opening required '/srv/disk1/2969090/www/avweb.eu/wp-content/plugins/futurio-extra/options/woocommerce.php' (include_path='.:/usr/local/php-7.4.15/share/pear') in /srv/disk1/2969090/www/avweb.eu/wp-content/plugins/futurio-extra/futurio-extra.php on line 182

2021-02-19T21:26:27+00:00 CRITICAL require(): Failed opening required '/srv/disk1/2969090/www/avweb.eu/wp-content/plugins/woocommerce-gateway-stripe/includes/admin/stripe-sepa-settings.php' (include_path='.:/usr/local/php-7.4.15/share/pear') in /srv/disk1/2969090/www/avweb.eu/wp-content/plugins/woocommerce-gateway-stripe/includes/payment-methods/class-wc-gateway-stripe-sepa.php on line 200

2021-02-19T21:26:29+00:00 CRITICAL Allowed memory size of 67108864 bytes exhausted (tried to allocate 45056 bytes) in /srv/disk1/2969090/www/avweb.eu/wp-content/plugins/woocommerce/vendor/jetpack-autoloader/class-php-autoloader.php on line 87

2021-02-19T21:26:29+00:00 CRITICAL Allowed memory size of 67108864 bytes exhausted (tried to allocate 45056 bytes) in /srv/disk1/2969090/www/avweb.eu/wp-content/plugins/woocommerce/vendor/jetpack-autoloader/class-php-autoloader.php on line 87

2021-02-19T21:27:37+00:00 CRITICAL Allowed memory size of 67108864 bytes exhausted (tried to allocate 4096 bytes) in /srv/disk1/2969090/www/avweb.eu/wp-content/plugins/woocommerce/includes/rest-api/Controllers/Version2/class-wc-rest-system-status-v2-controller.php on line 88

2021-02-19T21:27:38+00:00 CRITICAL Allowed memory size of 67108864 bytes exhausted (tried to allocate 45056 bytes) in /srv/disk1/2969090/www/avweb.eu/wp-content/plugins/woocommerce/vendor/jetpack-autoloader/class-php-autoloader.php on line 87

2021-02-19T21:28:25+00:00 CRITICAL Allowed memory size of 67108864 bytes exhausted (tried to allocate 32768 bytes) in /srv/disk1/2969090/www/avweb.eu/wp-content/plugins/woocommerce/includes/rest-api/Controllers/Version2/class-wc-rest-system-status-v2-controller.php on line 469

2021-02-19T21:31:43+00:00 CRITICAL Uncaught Error: Class 'ActionScheduler_Store' not found in /srv/disk1/2969090/www/avweb.eu/wp-content/plugins/woocommerce/packages/action-scheduler/classes/abstracts/ActionScheduler.php:25
Stack trace:
#0 /srv/disk1/2969090/www/avweb.eu/wp-content/plugins/woocommerce/packages/action-scheduler/classes/abstracts/ActionScheduler.php(145): ActionScheduler::store()
#1 /srv/disk1/2969090/www/avweb.eu/wp-content/plugins/woocommerce/packages/action-scheduler/action-scheduler.php(44): ActionScheduler::init('/srv/disk1/2969...')
#2 /srv/disk1/2969090/www/avweb.eu/wp-content/plugins/woocommerce/packages/action-scheduler/classes/ActionScheduler_Versions.php(59): action_scheduler_initialize_3_dot_1_dot_6()
#3 /srv/disk1/2969090/www/avweb.eu/wp-includes/class-wp-hook.php(285): ActionScheduler_Versions::initialize_latest_version()
#4 /srv/disk1/2969090/www/avweb.eu/wp-includes/class-wp-hook.php(311): WP_Hook->apply_filters(NULL, Array)
#5 /srv/disk1/2969090/www/avweb.eu/wp-includes/plugin.php(484): WP_Hook->do_action(Array) in /srv/disk1/2969090/www/avweb.eu/wp-content/plugins/woocommerce/packages/action-scheduler/classes/abstracts/ActionScheduler.php on line 25

2021-02-19T21:31:43+00:00 CRITICAL require_once(): Failed opening required '/srv/disk1/2969090/www/avweb.eu/wp-includes/widgets/class-wp-widget-recent-posts.php' (include_path='.:/usr/local/php-7.4.15/share/pear') in /srv/disk1/2969090/www/avweb.eu/wp-includes/default-widgets.php on line 50

2021-02-19T21:31:43+00:00 CRITICAL require(): Failed opening required '/srv/disk1/2969090/www/avweb.eu/wp-content/plugins/elementor/core/experiments/manager.php' (include_path='.:/usr/local/php-7.4.15/share/pear') in /srv/disk1/2969090/www/avweb.eu/wp-content/plugins/elementor/includes/autoloader.php on line 294

2021-02-19T21:31:45+00:00 CRITICAL Allowed memory size of 67108864 bytes exhausted (tried to allocate 45056 bytes) in /srv/disk1/2969090/www/avweb.eu/wp-content/plugins/woocommerce/vendor/jetpack-autoloader/class-php-autoloader.php on line 87

2021-02-19T21:31:45+00:00 CRITICAL Allowed memory size of 67108864 bytes exhausted (tried to allocate 45056 bytes) in /srv/disk1/2969090/www/avweb.eu/wp-content/plugins/woocommerce/vendor/jetpack-autoloader/class-php-autoloader.php on line 87

2021-02-19T21:31:55+00:00 CRITICAL require_once(): Failed opening required '/srv/disk1/2969090/www/avweb.eu/wp-content/plugins/woocommerce-gateway-paypal-express-checkout/includes/functions.php' (include_path='.:/usr/local/php-7.4.15/share/pear') in /srv/disk1/2969090/www/avweb.eu/wp-content/plugins/woocommerce-gateway-paypal-express-checkout/includes/class-wc-gateway-ppec-plugin.php on line 322

2021-02-19T21:31:55+00:00 CRITICAL Uncaught Error: Class 'WC_Structured_Data' not found in /srv/disk1/2969090/www/avweb.eu/wp-content/plugins/woocommerce/includes/class-woocommerce.php:584
Stack trace:
#0 /srv/disk1/2969090/www/avweb.eu/wp-includes/class-wp-hook.php(287): WooCommerce->init('')
#1 /srv/disk1/2969090/www/avweb.eu/wp-includes/class-wp-hook.php(311): WP_Hook->apply_filters(NULL, Array)
#2 /srv/disk1/2969090/www/avweb.eu/wp-includes/plugin.php(484): WP_Hook->do_action(Array)
#3 /srv/disk1/2969090/www/avweb.eu/wp-settings.php(557): do_action('init')
#4 /srv/disk1/2969090/www/avweb.eu/wp-config.php(91): require_once('/srv/disk1/2969...')
#5 /srv/disk1/2969090/www/avweb.eu/wp-load.php(37): require_once('/srv/disk1/2969...')
#6 /srv/disk1/2969090/www/avweb.eu/wp-blog-header.php(13): require_once('/srv/disk1/2969...')
#7 /srv/disk1/2969090/www/avweb.eu/index.php(17): require('/srv/disk1/2969...')
#8 {main}
  thrown in /srv/disk1/2969090/www/avweb.eu/wp-content/plugins/woocommerce/includes/class-woocommerce.php on line 584

2021-02-19T21:31:55+00:00 CRITICAL Uncaught Error: Class 'WC_Cache_Helper' not found in /srv/disk1/2969090/www/avweb.eu/wp-content/plugins/woocommerce/includes/wc-attribute-functions.php:50
Stack trace:
#0 /srv/disk1/2969090/www/avweb.eu/wp-content/plugins/woocommerce/includes/class-wc-post-types.php(206): wc_get_attribute_taxonomies()
#1 /srv/disk1/2969090/www/avweb.eu/wp-includes/class-wp-hook.php(287): WC_Post_Types::register_taxonomies('')
#2 /srv/disk1/2969090/www/avweb.eu/wp-includes/class-wp-hook.php(311): WP_Hook->apply_filters(NULL, Array)
#3 /srv/disk1/2969090/www/avweb.eu/wp-includes/plugin.php(484): WP_Hook->do_action(Array)
#4 /srv/disk1/2969090/www/avweb.eu/wp-settings.php(557): do_action('init')
#5 /srv/disk1/2969090/www/avweb.eu/wp-config.php(91): require_once('/srv/disk1/2969...')
#6 /srv/disk1/2969090/www/avweb.eu/wp-load.php(37): require_once('/srv/disk1/2969...')
#7 /srv/disk1/2969090/www/avweb.eu/wp-blog-header.php(13): require_once('/srv/disk1/2969...')
#8 /srv/disk1/2969090/www/avweb.eu/index.php(17): require('/srv/disk1 in /srv/disk1/2969090/www/avweb.eu/wp-content/plugins/woocommerce/includes/wc-attribute-functions.php on line 50

2021-02-19T21:33:11+00:00 CRITICAL Allowed memory size of 67108864 bytes exhausted (tried to allocate 45056 bytes) in /srv/disk1/2969090/www/avweb.eu/wp-content/plugins/woocommerce/vendor/jetpack-autoloader/class-php-autoloader.php on line 87

2021-02-19T21:33:11+00:00 CRITICAL Allowed memory size of 67108864 bytes exhausted (tried to allocate 45056 bytes) in /srv/disk1/2969090/www/avweb.eu/wp-content/plugins/woocommerce/vendor/jetpack-autoloader/class-php-autoloader.php on line 87

2021-02-19T21:44:15+00:00 CRITICAL Allowed memory size of 67108864 bytes exhausted (tried to allocate 32768 bytes) in /srv/disk1/2969090/www/avweb.eu/wp-content/plugins/woocommerce/includes/rest-api/Controllers/Version2/class-wc-rest-system-status-v2-controller.php on line 469

2021-02-19T21:45:21+00:00 CRITICAL Allowed memory size of 67108864 bytes exhausted (tried to allocate 32768 bytes) in /srv/disk1/2969090/www/avweb.eu/wp-content/plugins/woocommerce/includes/rest-api/Controllers/Version2/class-wc-rest-system-status-v2-controller.php on line 469

2021-02-19T21:48:43+00:00 CRITICAL Allowed memory size of 67108864 bytes exhausted (tried to allocate 4096 bytes) in /srv/disk1/2969090/www/avweb.eu/wp-includes/functions.php on line 624

2021-02-19T21:49:15+00:00 CRITICAL Allowed memory size of 67108864 bytes exhausted (tried to allocate 4096 bytes) in /srv/disk1/2969090/www/avweb.eu/wp-includes/functions.php on line 624

2021-02-19T21:54:13+00:00 CRITICAL Allowed memory size of 67108864 bytes exhausted (tried to allocate 4096 bytes) in /srv/disk1/2969090/www/avweb.eu/wp-includes/functions.php on line 624

2021-02-19T21:55:43+00:00 CRITICAL Allowed memory size of 67108864 bytes exhausted (tried to allocate 4096 bytes) in /srv/disk1/2969090/www/avweb.eu/wp-includes/functions.php on line 624

2021-02-19T21:57:04+00:00 CRITICAL Allowed memory size of 67108864 bytes exhausted (tried to allocate 4096 bytes) in /srv/disk1/2969090/www/avweb.eu/wp-includes/functions.php on line 624

2021-02-19T21:58:12+00:00 CRITICAL Allowed memory size of 67108864 bytes exhausted (tried to allocate 4096 bytes) in /srv/disk1/2969090/www/avweb.eu/wp-includes/functions.php on line 624

2021-02-19T21:58:28+00:00 CRITICAL Allowed memory size of 67108864 bytes exhausted (tried to allocate 45056 bytes) in /srv/disk1/2969090/www/avweb.eu/wp-content/plugins/woocommerce/vendor/jetpack-autoloader/class-php-autoloader.php on line 87

2021-02-19T21:58:29+00:00 CRITICAL Uncaught Error: Class 'WPGMZA\Pro7Compatibility' not found in /srv/disk1/2969090/www/avweb.eu/wp-content/plugins/wp-google-maps/includes/class.plugin.php:103
Stack trace:
#0 [internal function]: WPGMZA\Plugin->__construct()
#1 /srv/disk1/2969090/www/avweb.eu/wp-content/plugins/wp-google-maps/includes/class.factory.php(57): ReflectionClass->newInstanceArgs(Array)
#2 /srv/disk1/2969090/www/avweb.eu/wp-content/plugins/wp-google-maps/includes/class.plugin.php(957): WPGMZA\Factory::createInstance()
#3 /srv/disk1/2969090/www/avweb.eu/wp-content/plugins/wp-google-maps/includes/class.plugin.php(964): WPGMZA\create()
#4 /srv/disk1/2969090/www/avweb.eu/wp-content/plugins/wp-google-maps/includes/class.plugin.php(998): WPGMZA\wpgmza_create_plugin()
#5 /srv/disk1/2969090/www/avweb.eu/wp-includes/class-wp-hook.php(287): WPGMZA\{closure}('')
#6 /srv/disk1/2969090/www/avweb.eu/wp-includes/class-wp-hook.php(311): WP_Hook->apply_filters(NULL, Array)
#7 /srv/disk1/2969090/www/avweb.eu/wp-includes/plugin.php(484): WP_Hook->do_ac in /srv/disk1/2969090/www/avweb.eu/wp-content/plugins/wp-google-maps/includes/class.plugin.php on line 103

2021-02-19T21:58:32+00:00 CRITICAL Allowed memory size of 67108864 bytes exhausted (tried to allocate 45056 bytes) in /srv/disk1/2969090/www/avweb.eu/wp-content/plugins/woocommerce/vendor/jetpack-autoloader/class-php-autoloader.php on line 87

2021-02-19T22:00:59+00:00 CRITICAL Allowed memory size of 67108864 bytes exhausted (tried to allocate 32768 bytes) in /srv/disk1/2969090/www/avweb.eu/wp-content/plugins/woocommerce/includes/rest-api/Controllers/Version2/class-wc-rest-system-status-v2-controller.php on line 931

2021-02-19T22:30:21+00:00 CRITICAL require(): Failed opening required '/srv/disk1/2969090/www/avweb.eu/wp-content/plugins/woocommerce/includes/rest-api/Controllers/Version1/class-wc-rest-reports-v1-controller.php' (include_path='.:/usr/local/php-7.4.15/share/pear') in /srv/disk1/2969090/www/avweb.eu/wp-content/plugins/woocommerce/vendor/jetpack-autoloader/class-php-autoloader.php on line 87

2021-02-19T22:30:21+00:00 CRITICAL require(): Failed opening required '/srv/disk1/2969090/www/avweb.eu/wp-content/plugins/woocommerce/includes/rest-api/Controllers/Version3/class-wc-rest-reports-controller.php' (include_path='.:/usr/local/php-7.4.15/share/pear') in /srv/disk1/2969090/www/avweb.eu/wp-content/plugins/woocommerce/vendor/jetpack-autoloader/class-php-autoloader.php on line 87

2021-02-19T22:30:22+00:00 CRITICAL Allowed memory size of 67108864 bytes exhausted (tried to allocate 8192 bytes) in /srv/disk1/2969090/www/avweb.eu/wp-includes/capabilities.php on line 1029

2021-02-19T22:30:35+00:00 CRITICAL require(): Failed opening required '/srv/disk1/2969090/www/avweb.eu/wp-content/plugins/woocommerce/includes/rest-api/Controllers/Version1/class-wc-rest-product-tags-v1-controller.php' (include_path='.:/usr/local/php-7.4.15/share/pear') in /srv/disk1/2969090/www/avweb.eu/wp-content/plugins/woocommerce/vendor/jetpack-autoloader/class-php-autoloader.php on line 87

2021-02-19T22:30:35+00:00 CRITICAL require(): Failed opening required '/srv/disk1/2969090/www/avweb.eu/wp-content/plugins/woocommerce/includes/rest-api/Controllers/Version1/class-wc-rest-products-v1-controller.php' (include_path='.:/usr/local/php-7.4.15/share/pear') in /srv/disk1/2969090/www/avweb.eu/wp-content/plugins/woocommerce/vendor/jetpack-autoloader/class-php-autoloader.php on line 87

2021-02-19T22:31:39+00:00 CRITICAL Uncaught Error: Class 'Yoast\WP\SEO\Helpers\String_Helper' not found in /srv/disk1/2969090/www/avweb.eu/wp-content/plugins/wordpress-seo/src/generated/container.php:1912
Stack trace:
#0 /srv/disk1/2969090/www/avweb.eu/wp-content/plugins/wordpress-seo/src/generated/container.php(931): Yoast\WP\SEO\Generated\Cached_Container->getPostHelperService()
#1 /srv/disk1/2969090/www/avweb.eu/wp-content/plugins/wordpress-seo/src/generated/container.php(822): Yoast\WP\SEO\Generated\Cached_Container->getIndexablePostBuilderService()
#2 /srv/disk1/2969090/www/avweb.eu/wp-content/plugins/wordpress-seo/src/generated/container.php(3072): Yoast\WP\SEO\Generated\Cached_Container->getIndexableBuilderService()
#3 /srv/disk1/2969090/www/avweb.eu/wp-content/plugins/wordpress-seo/src/generated/container.php(1776): Yoast\WP\SEO\Generated\Cached_Container->getIndexableRepositoryService()
#4 /srv/disk1/2969090/www/avweb.eu/wp-content/plugins/wordpress-seo/src/generated/container.php(805): Yoast\WP\SEO\Generated\Cached_Container->getImag in /srv/disk1/2969090/www/avweb.eu/wp-content/plugins/wordpress-seo/src/generated/container.php on line 1912

2021-02-19T22:31:39+00:00 CRITICAL Uncaught Error: Class 'Yoast\WP\SEO\Repositories\Indexable_Hierarchy_Repository' not found in /srv/disk1/2969090/www/avweb.eu/wp-content/plugins/wordpress-seo/src/generated/container.php:3058
Stack trace:
#0 /srv/disk1/2969090/www/avweb.eu/wp-content/plugins/wordpress-seo/src/generated/container.php(872): Yoast\WP\SEO\Generated\Cached_Container->getIndexableHierarchyRepositoryService()
#1 /srv/disk1/2969090/www/avweb.eu/wp-content/plugins/wordpress-seo/src/generated/container.php(837): Yoast\WP\SEO\Generated\Cached_Container->getIndexableHierarchyBuilderService()
#2 /srv/disk1/2969090/www/avweb.eu/wp-content/plugins/wordpress-seo/src/generated/container.php(3072): Yoast\WP\SEO\Generated\Cached_Container->getIndexableBuilderService()
#3 /srv/disk1/2969090/www/avweb.eu/wp-content/plugins/wordpress-seo/src/generated/container.php(1776): Yoast\WP\SEO\Generated\Cached_Container->getIndexableRepositoryService()
#4 /srv/disk1/2969090/www/avweb.eu/wp-content/plugins/wordpress-seo/src/generated/container.php(899): Yoa in /srv/disk1/2969090/www/avweb.eu/wp-content/plugins/wordpress-seo/src/generated/container.php on line 3058

2021-02-19T22:31:39+00:00 CRITICAL Uncaught Error: Class 'Yoast\WP\SEO\Helpers\Indexable_Helper' not found in /srv/disk1/2969090/www/avweb.eu/wp-content/plugins/wordpress-seo/src/generated/container.php:1798
Stack trace:
#0 /srv/disk1/2969090/www/avweb.eu/wp-content/plugins/wordpress-seo/src/generated/container.php(842): Yoast\WP\SEO\Generated\Cached_Container->getIndexableHelperService()
#1 /srv/disk1/2969090/www/avweb.eu/wp-content/plugins/wordpress-seo/src/generated/container.php(3072): Yoast\WP\SEO\Generated\Cached_Container->getIndexableBuilderService()
#2 /srv/disk1/2969090/www/avweb.eu/wp-content/plugins/wordpress-seo/src/generated/container.php(650): Yoast\WP\SEO\Generated\Cached_Container->getIndexableRepositoryService()
#3 /srv/disk1/2969090/www/avweb.eu/wp-content/plugins/wordpress-seo/src/generated/container.php(1814): Yoast\WP\SEO\Generated\Cached_Container->getIndexablePostIndexationActionService()
#4 /srv/disk1/2969090/www/avweb.eu/wp-content/plugins/wordpress-seo/src/generated/container.php(1792): Yoast\WP\SEO\Generated\Cached_ in /srv/disk1/2969090/www/avweb.eu/wp-content/plugins/wordpress-seo/src/generated/container.php on line 1798

2021-02-19T22:31:39+00:00 CRITICAL require(): Failed opening required '/srv/disk1/2969090/www/avweb.eu/wp-content/plugins/elementor//includes/tracker.php' (include_path='.:/usr/local/php-7.4.15/share/pear') in /srv/disk1/2969090/www/avweb.eu/wp-content/plugins/elementor/includes/autoloader.php on line 294

2021-02-19T22:33:18+00:00 CRITICAL Uncaught Error: Class 'Yoast\WP\SEO\Builders\Indexable_Link_Builder' not found in /srv/disk1/2969090/www/avweb.eu/wp-content/plugins/wordpress-seo/src/generated/container.php:917
Stack trace:
#0 /srv/disk1/2969090/www/avweb.eu/wp-content/plugins/wordpress-seo/src/generated/container.php(723): Yoast\WP\SEO\Generated\Cached_Container->getIndexableLinkBuilderService()
#1 /srv/disk1/2969090/www/avweb.eu/wp-content/plugins/wordpress-seo/src/generated/container.php(1814): Yoast\WP\SEO\Generated\Cached_Container->getPostLinkIndexingActionService()
#2 /srv/disk1/2969090/www/avweb.eu/wp-content/plugins/wordpress-seo/src/generated/container.php(1792): Yoast\WP\SEO\Generated\Cached_Container->getIndexingHelperService()
#3 /srv/disk1/2969090/www/avweb.eu/wp-content/plugins/wordpress-seo/src/generated/container.php(842): Yoast\WP\SEO\Generated\Cached_Container->getIndexableHelperService()
#4 /srv/disk1/2969090/www/avweb.eu/wp-content/plugins/wordpress-seo/src/generated/container.php(3072): Yoast\WP\SEO\Generated\Cached_Co in /srv/disk1/2969090/www/avweb.eu/wp-content/plugins/wordpress-seo/src/generated/container.php on line 917

2021-02-19T22:48:02+00:00 CRITICAL Uncaught Error: Interface 'YoastSEO_Vendor\Symfony\Component\DependencyInjection\ResettableContainerInterface' not found in /srv/disk1/2969090/www/avweb.eu/wp-content/plugins/wordpress-seo/vendor_prefixed/symfony/dependency-injection/Container.php:38
Stack trace:
#0 /srv/disk1/2969090/www/avweb.eu/wp-content/plugins/wordpress-seo/vendor/composer/ClassLoader.php(444): include()
#1 /srv/disk1/2969090/www/avweb.eu/wp-content/plugins/wordpress-seo/vendor/composer/ClassLoader.php(322): Composer\Autoload\includeFile('/srv/disk1/2969...')
#2 [internal function]: Composer\Autoload\ClassLoader->loadClass('YoastSEO_Vendor...')
#3 /srv/disk1/2969090/www/avweb.eu/wp-content/plugins/wordpress-seo/src/generated/container.php(19): spl_autoload_call('YoastSEO_Vendor...')
#4 /srv/disk1/2969090/www/avweb.eu/wp-content/plugins/wordpress-seo/src/main.php(57): require_once('/srv/disk1/2969...')
#5 /srv/disk1/2969090/www/avweb.eu/wp-content/plugins/wordpress-seo/lib/abstract-main.php(33): Yoast\WP\SEO\Main->get_container()
#6 /srv in /srv/disk1/2969090/www/avweb.eu/wp-content/plugins/wordpress-seo/vendor_prefixed/symfony/dependency-injection/Container.php on line 38

2021-02-19T22:48:02+00:00 CRITICAL Uncaught Error: Class 'Yoast\WP\Lib\Dependency_Injection\Container_Registry' not found in /srv/disk1/2969090/www/avweb.eu/wp-content/plugins/wordpress-seo/lib/abstract-main.php:34
Stack trace:
#0 /srv/disk1/2969090/www/avweb.eu/wp-content/plugins/wordpress-seo/src/functions.php(36): Yoast\WP\Lib\Abstract_Main->load()
#1 /srv/disk1/2969090/www/avweb.eu/wp-content/plugins/wordpress-seo/inc/options/class-wpseo-option-titles.php(273): YoastSEO()
#2 /srv/disk1/2969090/www/avweb.eu/wp-content/plugins/wordpress-seo/inc/options/class-wpseo-option.php(519): WPSEO_Option_Titles->enrich_defaults()
#3 /srv/disk1/2969090/www/avweb.eu/wp-content/plugins/wordpress-seo/inc/options/class-wpseo-option.php(837): WPSEO_Option->get_defaults()
#4 /srv/disk1/2969090/www/avweb.eu/wp-content/plugins/wordpress-seo/inc/options/class-wpseo-option.php(557): WPSEO_Option->array_filter_merge(Array)
#5 /srv/disk1/2969090/www/avweb.eu/wp-includes/class-wp-hook.php(289): WPSEO_Option->get_option(Array)
#6 /srv/disk1/2969090/www/avweb.eu/wp-in in /srv/disk1/2969090/www/avweb.eu/wp-content/plugins/wordpress-seo/lib/abstract-main.php on line 34

2021-02-19T22:49:27+00:00 CRITICAL Uncaught Error: Class 'WPSEO_Configuration_Endpoint' not found in /srv/disk1/2969090/www/avweb.eu/wp-content/plugins/wordpress-seo/admin/config-ui/class-configuration-service.php:70
Stack trace:
#0 /srv/disk1/2969090/www/avweb.eu/wp-content/plugins/wordpress-seo/admin/config-ui/class-configuration-service.php(59): WPSEO_Configuration_Service->set_default_providers()
#1 /srv/disk1/2969090/www/avweb.eu/wp-content/plugins/wordpress-seo/wp-seo-main.php(348): WPSEO_Configuration_Service->initialize()
#2 /srv/disk1/2969090/www/avweb.eu/wp-includes/class-wp-hook.php(287): wpseo_init_rest_api(Object(WP_REST_Server))
#3 /srv/disk1/2969090/www/avweb.eu/wp-includes/class-wp-hook.php(311): WP_Hook->apply_filters(NULL, Array)
#4 /srv/disk1/2969090/www/avweb.eu/wp-includes/plugin.php(484): WP_Hook->do_action(Array)
#5 /srv/disk1/2969090/www/avweb.eu/wp-includes/rest-api.php(521): do_action('rest_api_init', Object(WP_REST_Server))
#6 /srv/disk1/2969090/www/avweb.eu/wp-includes/rest-api.php(347): rest_get_server()
#7 /srv/di in /srv/disk1/2969090/www/avweb.eu/wp-content/plugins/wordpress-seo/admin/config-ui/class-configuration-service.php on line 70

2021-02-19T22:49:27+00:00 CRITICAL require(): Failed opening required '/srv/disk1/2969090/www/avweb.eu/wp-content/plugins/woocommerce/packages/woocommerce-blocks/src/StoreApi/Routes/Products.php' (include_path='.:/usr/local/php-7.4.15/share/pear') in /srv/disk1/2969090/www/avweb.eu/wp-content/plugins/woocommerce/vendor/jetpack-autoloader/class-php-autoloader.php on line 87

2021-02-19T22:49:27+00:00 CRITICAL require(): Failed opening required '/srv/disk1/2969090/www/avweb.eu/wp-content/plugins/woocommerce/packages/woocommerce-blocks/src/StoreApi/Routes/Cart.php' (include_path='.:/usr/local/php-7.4.15/share/pear') in /srv/disk1/2969090/www/avweb.eu/wp-content/plugins/woocommerce/vendor/jetpack-autoloader/class-php-autoloader.php on line 87

2021-02-19T22:49:27+00:00 CRITICAL require(): Failed opening required '/srv/disk1/2969090/www/avweb.eu/wp-content/plugins/woocommerce/packages/woocommerce-blocks/src/StoreApi/Schemas/ProductAttributeSchema.php' (include_path='.:/usr/local/php-7.4.15/share/pear') in /srv/disk1/2969090/www/avweb.eu/wp-content/plugins/woocommerce/vendor/jetpack-autoloader/class-php-autoloader.php on line 87

